# JRE version: OpenJDK Runtime Environment Temurin-17.0.1+12 (17.0.1+12) (build 17.0.1+12)
# Java VM: OpenJDK 64-Bit Server VM Temurin-17.0.1+12 (17.0.1+12, mixed mode, sharing, tiered, compressed oops, compressed class ptrs, parallel gc, windows-amd64)
GC Precious Log:
 CPUs: 8 total, 8 available
 Memory: 7069M
 Large Page Support: Disabled
 NUMA Support: Disabled
 Compressed Oops: Enabled (32-bit)
 Alignments: Space 512K, Generation 512K, Heap 2M
 Heap Min Capacity: 100M
 Heap Initial Capacity: 100M
 Heap Max Capacity: 1G
 Pre-touch: Disabled
 Parallel Workers: 8
Heap:
 PSYoungGen      total 22016K, used 10064K [0x00000000eab00000, 0x00000000ec400000, 0x0000000100000000)
  eden space 20480K, 43% used [0x00000000eab00000,0x00000000eb3abcb8,0x00000000ebf00000)
  from space 1536K, 77% used [0x00000000ec280000,0x00000000ec3a83d0,0x00000000ec400000)
  to   space 2048K, 0% used [0x00000000ec000000,0x00000000ec000000,0x00000000ec200000)
 ParOldGen       total 68608K, used 29119K [0x00000000c0000000, 0x00000000c4300000, 0x00000000eab00000)
  object space 68608K, 42% used [0x00000000c0000000,0x00000000c1c6ffa0,0x00000000c4300000)
 Metaspace       used 43938K, committed 44800K, reserved 1089536K
  class space    used 4683K, committed 5056K, reserved 1048576K
GC Heap History (20 events):
Event: 7.698 GC heap before
{Heap before GC invocations=7 (full 1):
 PSYoungGen      total 28160K, used 27777K [0x00000000eab00000, 0x00000000eca80000, 0x0000000100000000)
  eden space 25088K, 99% used [0x00000000eab00000,0x00000000ec37ffe0,0x00000000ec380000)
  from space 3072K, 87% used [0x00000000ec400000,0x00000000ec6a04e8,0x00000000ec700000)
  to   space 3584K, 0% used [0x00000000ec700000,0x00000000ec700000,0x00000000eca80000)
 ParOldGen       total 68608K, used 10993K [0x00000000c0000000, 0x00000000c4300000, 0x00000000eab00000)
  object space 68608K, 16% used [0x00000000c0000000,0x00000000c0abc4a0,0x00000000c4300000)
 Metaspace       used 29509K, committed 30208K, reserved 1081344K
  class space    used 3034K, committed 3328K, reserved 1048576K
}
Event: 7.707 GC heap after
{Heap after GC invocations=7 (full 1):
 PSYoungGen      total 26624K, used 3569K [0x00000000eab00000, 0x00000000ece00000, 0x0000000100000000)
  eden space 23040K, 0% used [0x00000000eab00000,0x00000000eab00000,0x00000000ec180000)
  from space 3584K, 99% used [0x00000000ec700000,0x00000000eca7c438,0x00000000eca80000)
  to   space 5632K, 0% used [0x00000000ec180000,0x00000000ec180000,0x00000000ec700000)
 ParOldGen       total 68608K, used 12605K [0x00000000c0000000, 0x00000000c4300000, 0x00000000eab00000)
  object space 68608K, 18% used [0x00000000c0000000,0x00000000c0c4f770,0x00000000c4300000)
 Metaspace       used 29509K, committed 30208K, reserved 1081344K
  class space    used 3034K, committed 3328K, reserved 1048576K
}
Event: 8.334 GC heap before
{Heap before GC invocations=8 (full 1):
 PSYoungGen      total 26624K, used 26609K [0x00000000eab00000, 0x00000000ece00000, 0x0000000100000000)
  eden space 23040K, 99% used [0x00000000eab00000,0x00000000ec17fff0,0x00000000ec180000)
  from space 3584K, 99% used [0x00000000ec700000,0x00000000eca7c438,0x00000000eca80000)
  to   space 5632K, 0% used [0x00000000ec180000,0x00000000ec180000,0x00000000ec700000)
 ParOldGen       total 68608K, used 12605K [0x00000000c0000000, 0x00000000c4300000, 0x00000000eab00000)
  object space 68608K, 18% used [0x00000000c0000000,0x00000000c0c4f770,0x00000000c4300000)
 Metaspace       used 31243K, committed 32064K, reserved 1081344K
  class space    used 3263K, committed 3648K, reserved 1048576K
}
Event: 8.341 GC heap after
{Heap after GC invocations=8 (full 1):
 PSYoungGen      total 28160K, used 5387K [0x00000000eab00000, 0x00000000ecc00000, 0x0000000100000000)
  eden space 22528K, 0% used [0x00000000eab00000,0x00000000eab00000,0x00000000ec100000)
  from space 5632K, 95% used [0x00000000ec180000,0x00000000ec6c2d58,0x00000000ec700000)
  to   space 5120K, 0% used [0x00000000ec700000,0x00000000ec700000,0x00000000ecc00000)
 ParOldGen       total 68608K, used 12613K [0x00000000c0000000, 0x00000000c4300000, 0x00000000eab00000)
  object space 68608K, 18% used [0x00000000c0000000,0x00000000c0c51770,0x00000000c4300000)
 Metaspace       used 31243K, committed 32064K, reserved 1081344K
  class space    used 3263K, committed 3648K, reserved 1048576K
}
Event: 9.291 GC heap before
{Heap before GC invocations=9 (full 1):
 PSYoungGen      total 28160K, used 27915K [0x00000000eab00000, 0x00000000ecc00000, 0x0000000100000000)
  eden space 22528K, 100% used [0x00000000eab00000,0x00000000ec100000,0x00000000ec100000)
  from space 5632K, 95% used [0x00000000ec180000,0x00000000ec6c2d58,0x00000000ec700000)
  to   space 5120K, 0% used [0x00000000ec700000,0x00000000ec700000,0x00000000ecc00000)
 ParOldGen       total 68608K, used 12614K [0x00000000c0000000, 0x00000000c4300000, 0x00000000eab00000)
  object space 68608K, 18% used [0x00000000c0000000,0x00000000c0c51820,0x00000000c4300000)
 Metaspace       used 32468K, committed 33216K, reserved 1081344K
  class space    used 3432K, committed 3776K, reserved 1048576K
}
Event: 9.300 GC heap after
{Heap after GC invocations=9 (full 1):
 PSYoungGen      total 25600K, used 5117K [0x00000000eab00000, 0x00000000ed100000, 0x0000000100000000)
  eden space 20480K, 0% used [0x00000000eab00000,0x00000000eab00000,0x00000000ebf00000)
  from space 5120K, 99% used [0x00000000ec700000,0x00000000ecbff430,0x00000000ecc00000)
  to   space 8192K, 0% used [0x00000000ebf00000,0x00000000ebf00000,0x00000000ec700000)
 ParOldGen       total 68608K, used 14891K [0x00000000c0000000, 0x00000000c4300000, 0x00000000eab00000)
  object space 68608K, 21% used [0x00000000c0000000,0x00000000c0e8ae58,0x00000000c4300000)
 Metaspace       used 32468K, committed 33216K, reserved 1081344K
  class space    used 3432K, committed 3776K, reserved 1048576K
}
Event: 10.116 GC heap before
{Heap before GC invocations=10 (full 1):
 PSYoungGen      total 25600K, used 18091K [0x00000000eab00000, 0x00000000ed100000, 0x0000000100000000)
  eden space 20480K, 63% used [0x00000000eab00000,0x00000000eb7ab8f0,0x00000000ebf00000)
  from space 5120K, 99% used [0x00000000ec700000,0x00000000ecbff430,0x00000000ecc00000)
  to   space 8192K, 0% used [0x00000000ebf00000,0x00000000ebf00000,0x00000000ec700000)
 ParOldGen       total 68608K, used 14891K [0x00000000c0000000, 0x00000000c4300000, 0x00000000eab00000)
  object space 68608K, 21% used [0x00000000c0000000,0x00000000c0e8ae58,0x00000000c4300000)
 Metaspace       used 35156K, committed 35840K, reserved 1081344K
  class space    used 3748K, committed 4096K, reserved 1048576K
}
Event: 10.122 GC heap after
{Heap after GC invocations=10 (full 1):
 PSYoungGen      total 24576K, used 3635K [0x00000000eab00000, 0x00000000ecb00000, 0x0000000100000000)
  eden space 20480K, 0% used [0x00000000eab00000,0x00000000eab00000,0x00000000ebf00000)
  from space 4096K, 88% used [0x00000000ebf00000,0x00000000ec28cfc8,0x00000000ec300000)
  to   space 5120K, 0% used [0x00000000ec600000,0x00000000ec600000,0x00000000ecb00000)
 ParOldGen       total 68608K, used 17420K [0x00000000c0000000, 0x00000000c4300000, 0x00000000eab00000)
  object space 68608K, 25% used [0x00000000c0000000,0x00000000c1103288,0x00000000c4300000)
 Metaspace       used 35156K, committed 35840K, reserved 1081344K
  class space    used 3748K, committed 4096K, reserved 1048576K
}
Event: 10.122 GC heap before
{Heap before GC invocations=11 (full 2):
 PSYoungGen      total 24576K, used 3635K [0x00000000eab00000, 0x00000000ecb00000, 0x0000000100000000)
  eden space 20480K, 0% used [0x00000000eab00000,0x00000000eab00000,0x00000000ebf00000)
  from space 4096K, 88% used [0x00000000ebf00000,0x00000000ec28cfc8,0x00000000ec300000)
  to   space 5120K, 0% used [0x00000000ec600000,0x00000000ec600000,0x00000000ecb00000)
 ParOldGen       total 68608K, used 17420K [0x00000000c0000000, 0x00000000c4300000, 0x00000000eab00000)
  object space 68608K, 25% used [0x00000000c0000000,0x00000000c1103288,0x00000000c4300000)
 Metaspace       used 35156K, committed 35840K, reserved 1081344K
  class space    used 3748K, committed 4096K, reserved 1048576K
}
Event: 10.170 GC heap after
{Heap after GC invocations=11 (full 2):
 PSYoungGen      total 24576K, used 0K [0x00000000eab00000, 0x00000000ecb00000, 0x0000000100000000)
  eden space 20480K, 0% used [0x00000000eab00000,0x00000000eab00000,0x00000000ebf00000)
  from space 4096K, 0% used [0x00000000ebf00000,0x00000000ebf00000,0x00000000ec300000)
  to   space 5120K, 0% used [0x00000000ec600000,0x00000000ec600000,0x00000000ecb00000)
 ParOldGen       total 68608K, used 19259K [0x00000000c0000000, 0x00000000c4300000, 0x00000000eab00000)
  object space 68608K, 28% used [0x00000000c0000000,0x00000000c12cefd8,0x00000000c4300000)
 Metaspace       used 35156K, committed 35840K, reserved 1081344K
  class space    used 3748K, committed 4096K, reserved 1048576K
}
Event: 10.520 GC heap before
{Heap before GC invocations=12 (full 2):
 PSYoungGen      total 24576K, used 20480K [0x00000000eab00000, 0x00000000ecb00000, 0x0000000100000000)
  eden space 20480K, 100% used [0x00000000eab00000,0x00000000ebf00000,0x00000000ebf00000)
  from space 4096K, 0% used [0x00000000ebf00000,0x00000000ebf00000,0x00000000ec300000)
  to   space 5120K, 0% used [0x00000000ec600000,0x00000000ec600000,0x00000000ecb00000)
 ParOldGen       total 68608K, used 19262K [0x00000000c0000000, 0x00000000c4300000, 0x00000000eab00000)
  object space 68608K, 28% used [0x00000000c0000000,0x00000000c12cf9b0,0x00000000c4300000)
 Metaspace       used 37154K, committed 37888K, reserved 1089536K
  class space    used 4006K, committed 4352K, reserved 1048576K
}
Event: 10.524 GC heap after
{Heap after GC invocations=12 (full 2):
 PSYoungGen      total 23552K, used 2747K [0x00000000eab00000, 0x00000000ec900000, 0x0000000100000000)
  eden space 20480K, 0% used [0x00000000eab00000,0x00000000eab00000,0x00000000ebf00000)
  from space 3072K, 89% used [0x00000000ec600000,0x00000000ec8aedf0,0x00000000ec900000)
  to   space 3584K, 0% used [0x00000000ec200000,0x00000000ec200000,0x00000000ec580000)
 ParOldGen       total 68608K, used 19270K [0x00000000c0000000, 0x00000000c4300000, 0x00000000eab00000)
  object space 68608K, 28% used [0x00000000c0000000,0x00000000c12d19b0,0x00000000c4300000)
 Metaspace       used 37154K, committed 37888K, reserved 1089536K
  class space    used 4006K, committed 4352K, reserved 1048576K
}
Event: 10.593 GC heap before
{Heap before GC invocations=13 (full 2):
 PSYoungGen      total 23552K, used 23227K [0x00000000eab00000, 0x00000000ec900000, 0x0000000100000000)
  eden space 20480K, 100% used [0x00000000eab00000,0x00000000ebf00000,0x00000000ebf00000)
  from space 3072K, 89% used [0x00000000ec600000,0x00000000ec8aedf0,0x00000000ec900000)
  to   space 3584K, 0% used [0x00000000ec200000,0x00000000ec200000,0x00000000ec580000)
 ParOldGen       total 68608K, used 19270K [0x00000000c0000000, 0x00000000c4300000, 0x00000000eab00000)
  object space 68608K, 28% used [0x00000000c0000000,0x00000000c12d19b0,0x00000000c4300000)
 Metaspace       used 37714K, committed 38464K, reserved 1089536K
  class space    used 4077K, committed 4416K, reserved 1048576K
}
Event: 10.600 GC heap after
{Heap after GC invocations=13 (full 2):
 PSYoungGen      total 23040K, used 2336K [0x00000000eab00000, 0x00000000ec680000, 0x0000000100000000)
  eden space 20480K, 0% used [0x00000000eab00000,0x00000000eab00000,0x00000000ebf00000)
  from space 2560K, 91% used [0x00000000ec200000,0x00000000ec448000,0x00000000ec480000)
  to   space 2048K, 0% used [0x00000000ec480000,0x00000000ec480000,0x00000000ec680000)
 ParOldGen       total 68608K, used 21942K [0x00000000c0000000, 0x00000000c4300000, 0x00000000eab00000)
  object space 68608K, 31% used [0x00000000c0000000,0x00000000c156daf8,0x00000000c4300000)
 Metaspace       used 37714K, committed 38464K, reserved 1089536K
  class space    used 4077K, committed 4416K, reserved 1048576K
}
Event: 10.705 GC heap before
{Heap before GC invocations=14 (full 2):
 PSYoungGen      total 23040K, used 22816K [0x00000000eab00000, 0x00000000ec680000, 0x0000000100000000)
  eden space 20480K, 100% used [0x00000000eab00000,0x00000000ebf00000,0x00000000ebf00000)
  from space 2560K, 91% used [0x00000000ec200000,0x00000000ec448000,0x00000000ec480000)
  to   space 2048K, 0% used [0x00000000ec480000,0x00000000ec480000,0x00000000ec680000)
 ParOldGen       total 68608K, used 21942K [0x00000000c0000000, 0x00000000c4300000, 0x00000000eab00000)
  object space 68608K, 31% used [0x00000000c0000000,0x00000000c156daf8,0x00000000c4300000)
 Metaspace       used 38546K, committed 39232K, reserved 1089536K
  class space    used 4152K, committed 4480K, reserved 1048576K
}
Event: 10.711 GC heap after
{Heap after GC invocations=14 (full 2):
 PSYoungGen      total 22528K, used 2016K [0x00000000eab00000, 0x00000000ec900000, 0x0000000100000000)
  eden space 20480K, 0% used [0x00000000eab00000,0x00000000eab00000,0x00000000ebf00000)
  from space 2048K, 98% used [0x00000000ec480000,0x00000000ec678010,0x00000000ec680000)
  to   space 5120K, 0% used [0x00000000ebf00000,0x00000000ebf00000,0x00000000ec400000)
 ParOldGen       total 68608K, used 24508K [0x00000000c0000000, 0x00000000c4300000, 0x00000000eab00000)
  object space 68608K, 35% used [0x00000000c0000000,0x00000000c17ef280,0x00000000c4300000)
 Metaspace       used 38546K, committed 39232K, reserved 1089536K
  class space    used 4152K, committed 4480K, reserved 1048576K
}
Event: 11.043 GC heap before
{Heap before GC invocations=15 (full 2):
 PSYoungGen      total 22528K, used 22496K [0x00000000eab00000, 0x00000000ec900000, 0x0000000100000000)
  eden space 20480K, 100% used [0x00000000eab00000,0x00000000ebf00000,0x00000000ebf00000)
  from space 2048K, 98% used [0x00000000ec480000,0x00000000ec678010,0x00000000ec680000)
  to   space 5120K, 0% used [0x00000000ebf00000,0x00000000ebf00000,0x00000000ec400000)
 ParOldGen       total 68608K, used 24508K [0x00000000c0000000, 0x00000000c4300000, 0x00000000eab00000)
  object space 68608K, 35% used [0x00000000c0000000,0x00000000c17ef280,0x00000000c4300000)
 Metaspace       used 39792K, committed 40576K, reserved 1089536K
  class space    used 4315K, committed 4672K, reserved 1048576K
}
Event: 11.049 GC heap after
{Heap after GC invocations=15 (full 2):
 PSYoungGen      total 23552K, used 2656K [0x00000000eab00000, 0x00000000ec600000, 0x0000000100000000)
  eden space 20480K, 0% used [0x00000000eab00000,0x00000000eab00000,0x00000000ebf00000)
  from space 3072K, 86% used [0x00000000ebf00000,0x00000000ec198000,0x00000000ec200000)
  to   space 3584K, 0% used [0x00000000ec280000,0x00000000ec280000,0x00000000ec600000)
 ParOldGen       total 68608K, used 26540K [0x00000000c0000000, 0x00000000c4300000, 0x00000000eab00000)
  object space 68608K, 38% used [0x00000000c0000000,0x00000000c19eb290,0x00000000c4300000)
 Metaspace       used 39792K, committed 40576K, reserved 1089536K
  class space    used 4315K, committed 4672K, reserved 1048576K
}
Event: 12.192 GC heap before
{Heap before GC invocations=16 (full 2):
 PSYoungGen      total 23552K, used 23136K [0x00000000eab00000, 0x00000000ec600000, 0x0000000100000000)
  eden space 20480K, 100% used [0x00000000eab00000,0x00000000ebf00000,0x00000000ebf00000)
  from space 3072K, 86% used [0x00000000ebf00000,0x00000000ec198000,0x00000000ec200000)
  to   space 3584K, 0% used [0x00000000ec280000,0x00000000ec280000,0x00000000ec600000)
 ParOldGen       total 68608K, used 26540K [0x00000000c0000000, 0x00000000c4300000, 0x00000000eab00000)
  object space 68608K, 38% used [0x00000000c0000000,0x00000000c19eb290,0x00000000c4300000)
 Metaspace       used 43194K, committed 44032K, reserved 1089536K
  class space    used 4637K, committed 4992K, reserved 1048576K
}
Event: 12.198 GC heap after
{Heap after GC invocations=16 (full 2):
 PSYoungGen      total 22016K, used 1184K [0x00000000eab00000, 0x00000000ec400000, 0x0000000100000000)
  eden space 20480K, 0% used [0x00000000eab00000,0x00000000eab00000,0x00000000ebf00000)
  from space 1536K, 77% used [0x00000000ec280000,0x00000000ec3a83d0,0x00000000ec400000)
  to   space 2048K, 0% used [0x00000000ec000000,0x00000000ec000000,0x00000000ec200000)
 ParOldGen       total 68608K, used 29119K [0x00000000c0000000, 0x00000000c4300000, 0x00000000eab00000)
  object space 68608K, 42% used [0x00000000c0000000,0x00000000c1c6ffa0,0x00000000c4300000)
 Metaspace       used 43194K, committed 44032K, reserved 1089536K
  class space    used 4637K, committed 4992K, reserved 1048576K
}

