# JRE version: OpenJDK Runtime Environment Temurin-17.0.2+8 (17.0.2+8) (build 17.0.2+8)
# Java VM: OpenJDK 64-Bit Server VM Temurin-17.0.2+8 (17.0.2+8, mixed mode, tiered, compressed oops, compressed class ptrs, parallel gc, windows-amd64)
GC Precious Log:
 CPUs: 8 total, 8 available
 Memory: 7069M
 Large Page Support: Disabled
 NUMA Support: Disabled
 Compressed Oops: Enabled (32-bit)
 Alignments: Space 512K, Generation 512K, Heap 2M
 Heap Min Capacity: 100M
 Heap Initial Capacity: 100M
 Heap Max Capacity: 1G
 Pre-touch: Disabled
 Parallel Workers: 8
Heap:
 PSYoungGen      total 32256K, used 27291K [0x00000000eab00000, 0x00000000ed700000, 0x0000000100000000)
  eden space 19456K, 77% used [0x00000000eab00000,0x00000000eb9aa780,0x00000000ebe00000)
  from space 12800K, 95% used [0x00000000eca80000,0x00000000ed67c560,0x00000000ed700000)
  to   space 4096K, 0% used [0x00000000ebe00000,0x00000000ebe00000,0x00000000ec200000)
 ParOldGen       total 72192K, used 55011K [0x00000000c0000000, 0x00000000c4680000, 0x00000000eab00000)
  object space 72192K, 76% used [0x00000000c0000000,0x00000000c35b8c50,0x00000000c4680000)
 Metaspace       used 55878K, committed 56640K, reserved 1105920K
  class space    used 6020K, committed 6272K, reserved 1048576K
GC Heap History (20 events):
Event: 13.959 GC heap before
{Heap before GC invocations=10 (full 2):
 PSYoungGen      total 27136K, used 27135K [0x00000000eab00000, 0x00000000ed700000, 0x0000000100000000)
  eden space 24576K, 100% used [0x00000000eab00000,0x00000000ec300000,0x00000000ec300000)
  from space 2560K, 99% used [0x00000000ec500000,0x00000000ec77fd50,0x00000000ec780000)
  to   space 10240K, 0% used [0x00000000ecd00000,0x00000000ecd00000,0x00000000ed700000)
 ParOldGen       total 68608K, used 18940K [0x00000000c0000000, 0x00000000c4300000, 0x00000000eab00000)
  object space 68608K, 27% used [0x00000000c0000000,0x00000000c127f348,0x00000000c4300000)
 Metaspace       used 45120K, committed 45824K, reserved 1097728K
  class space    used 4945K, committed 5248K, reserved 1048576K
}
Event: 13.967 GC heap after
{Heap after GC invocations=10 (full 2):
 PSYoungGen      total 30208K, used 5706K [0x00000000eab00000, 0x00000000ed300000, 0x0000000100000000)
  eden space 24064K, 0% used [0x00000000eab00000,0x00000000eab00000,0x00000000ec280000)
  from space 6144K, 92% used [0x00000000ecd00000,0x00000000ed292b50,0x00000000ed300000)
  to   space 7168K, 0% used [0x00000000ec500000,0x00000000ec500000,0x00000000ecc00000)
 ParOldGen       total 68608K, used 18948K [0x00000000c0000000, 0x00000000c4300000, 0x00000000eab00000)
  object space 68608K, 27% used [0x00000000c0000000,0x00000000c1281348,0x00000000c4300000)
 Metaspace       used 45120K, committed 45824K, reserved 1097728K
  class space    used 4945K, committed 5248K, reserved 1048576K
}
Event: 14.189 GC heap before
{Heap before GC invocations=11 (full 2):
 PSYoungGen      total 30208K, used 29770K [0x00000000eab00000, 0x00000000ed300000, 0x0000000100000000)
  eden space 24064K, 100% used [0x00000000eab00000,0x00000000ec280000,0x00000000ec280000)
  from space 6144K, 92% used [0x00000000ecd00000,0x00000000ed292b50,0x00000000ed300000)
  to   space 7168K, 0% used [0x00000000ec500000,0x00000000ec500000,0x00000000ecc00000)
 ParOldGen       total 68608K, used 18948K [0x00000000c0000000, 0x00000000c4300000, 0x00000000eab00000)
  object space 68608K, 27% used [0x00000000c0000000,0x00000000c1281348,0x00000000c4300000)
 Metaspace       used 45303K, committed 45952K, reserved 1097728K
  class space    used 4962K, committed 5248K, reserved 1048576K
}
Event: 14.200 GC heap after
{Heap after GC invocations=11 (full 2):
 PSYoungGen      total 30720K, used 7050K [0x00000000eab00000, 0x00000000ed100000, 0x0000000100000000)
  eden space 23552K, 0% used [0x00000000eab00000,0x00000000eab00000,0x00000000ec200000)
  from space 7168K, 98% used [0x00000000ec500000,0x00000000ecbe2b50,0x00000000ecc00000)
  to   space 5120K, 0% used [0x00000000ecc00000,0x00000000ecc00000,0x00000000ed100000)
 ParOldGen       total 68608K, used 19968K [0x00000000c0000000, 0x00000000c4300000, 0x00000000eab00000)
  object space 68608K, 29% used [0x00000000c0000000,0x00000000c1380090,0x00000000c4300000)
 Metaspace       used 45303K, committed 45952K, reserved 1097728K
  class space    used 4962K, committed 5248K, reserved 1048576K
}
Event: 14.324 GC heap before
{Heap before GC invocations=12 (full 2):
 PSYoungGen      total 30720K, used 30602K [0x00000000eab00000, 0x00000000ed100000, 0x0000000100000000)
  eden space 23552K, 100% used [0x00000000eab00000,0x00000000ec200000,0x00000000ec200000)
  from space 7168K, 98% used [0x00000000ec500000,0x00000000ecbe2b50,0x00000000ecc00000)
  to   space 5120K, 0% used [0x00000000ecc00000,0x00000000ecc00000,0x00000000ed100000)
 ParOldGen       total 68608K, used 19968K [0x00000000c0000000, 0x00000000c4300000, 0x00000000eab00000)
  object space 68608K, 29% used [0x00000000c0000000,0x00000000c1380090,0x00000000c4300000)
 Metaspace       used 45362K, committed 46016K, reserved 1097728K
  class space    used 4973K, committed 5248K, reserved 1048576K
}
Event: 14.333 GC heap after
{Heap after GC invocations=12 (full 2):
 PSYoungGen      total 28160K, used 5088K [0x00000000eab00000, 0x00000000ed580000, 0x0000000100000000)
  eden space 23040K, 0% used [0x00000000eab00000,0x00000000eab00000,0x00000000ec180000)
  from space 5120K, 99% used [0x00000000ecc00000,0x00000000ed0f8020,0x00000000ed100000)
  to   space 10240K, 0% used [0x00000000ec180000,0x00000000ec180000,0x00000000ecb80000)
 ParOldGen       total 68608K, used 24603K [0x00000000c0000000, 0x00000000c4300000, 0x00000000eab00000)
  object space 68608K, 35% used [0x00000000c0000000,0x00000000c1806f28,0x00000000c4300000)
 Metaspace       used 45362K, committed 46016K, reserved 1097728K
  class space    used 4973K, committed 5248K, reserved 1048576K
}
Event: 14.445 GC heap before
{Heap before GC invocations=13 (full 2):
 PSYoungGen      total 28160K, used 28128K [0x00000000eab00000, 0x00000000ed580000, 0x0000000100000000)
  eden space 23040K, 100% used [0x00000000eab00000,0x00000000ec180000,0x00000000ec180000)
  from space 5120K, 99% used [0x00000000ecc00000,0x00000000ed0f8020,0x00000000ed100000)
  to   space 10240K, 0% used [0x00000000ec180000,0x00000000ec180000,0x00000000ecb80000)
 ParOldGen       total 68608K, used 24603K [0x00000000c0000000, 0x00000000c4300000, 0x00000000eab00000)
  object space 68608K, 35% used [0x00000000c0000000,0x00000000c1806f28,0x00000000c4300000)
 Metaspace       used 45362K, committed 46016K, reserved 1097728K
  class space    used 4973K, committed 5248K, reserved 1048576K
}
Event: 14.456 GC heap after
{Heap after GC invocations=13 (full 2):
 PSYoungGen      total 25600K, used 2592K [0x00000000eab00000, 0x00000000ecc80000, 0x0000000100000000)
  eden space 22528K, 0% used [0x00000000eab00000,0x00000000eab00000,0x00000000ec100000)
  from space 3072K, 84% used [0x00000000ec180000,0x00000000ec408000,0x00000000ec480000)
  to   space 5632K, 0% used [0x00000000ec700000,0x00000000ec700000,0x00000000ecc80000)
 ParOldGen       total 68608K, used 29703K [0x00000000c0000000, 0x00000000c4300000, 0x00000000eab00000)
  object space 68608K, 43% used [0x00000000c0000000,0x00000000c1d01e40,0x00000000c4300000)
 Metaspace       used 45362K, committed 46016K, reserved 1097728K
  class space    used 4973K, committed 5248K, reserved 1048576K
}
Event: 14.553 GC heap before
{Heap before GC invocations=14 (full 2):
 PSYoungGen      total 25600K, used 25120K [0x00000000eab00000, 0x00000000ecc80000, 0x0000000100000000)
  eden space 22528K, 100% used [0x00000000eab00000,0x00000000ec100000,0x00000000ec100000)
  from space 3072K, 84% used [0x00000000ec180000,0x00000000ec408000,0x00000000ec480000)
  to   space 5632K, 0% used [0x00000000ec700000,0x00000000ec700000,0x00000000ecc80000)
 ParOldGen       total 68608K, used 29703K [0x00000000c0000000, 0x00000000c4300000, 0x00000000eab00000)
  object space 68608K, 43% used [0x00000000c0000000,0x00000000c1d01e40,0x00000000c4300000)
 Metaspace       used 45362K, committed 46016K, reserved 1097728K
  class space    used 4973K, committed 5248K, reserved 1048576K
}
Event: 14.561 GC heap after
{Heap after GC invocations=14 (full 2):
 PSYoungGen      total 25088K, used 2560K [0x00000000eab00000, 0x00000000eca00000, 0x0000000100000000)
  eden space 22016K, 0% used [0x00000000eab00000,0x00000000eab00000,0x00000000ec080000)
  from space 3072K, 83% used [0x00000000ec700000,0x00000000ec980010,0x00000000eca00000)
  to   space 3072K, 0% used [0x00000000ec400000,0x00000000ec400000,0x00000000ec700000)
 ParOldGen       total 68608K, used 32231K [0x00000000c0000000, 0x00000000c4300000, 0x00000000eab00000)
  object space 68608K, 46% used [0x00000000c0000000,0x00000000c1f79e40,0x00000000c4300000)
 Metaspace       used 45362K, committed 46016K, reserved 1097728K
  class space    used 4973K, committed 5248K, reserved 1048576K
}
Event: 15.678 GC heap before
{Heap before GC invocations=15 (full 2):
 PSYoungGen      total 25088K, used 24576K [0x00000000eab00000, 0x00000000eca00000, 0x0000000100000000)
  eden space 22016K, 100% used [0x00000000eab00000,0x00000000ec080000,0x00000000ec080000)
  from space 3072K, 83% used [0x00000000ec700000,0x00000000ec980010,0x00000000eca00000)
  to   space 3072K, 0% used [0x00000000ec400000,0x00000000ec400000,0x00000000ec700000)
 ParOldGen       total 68608K, used 32231K [0x00000000c0000000, 0x00000000c4300000, 0x00000000eab00000)
  object space 68608K, 46% used [0x00000000c0000000,0x00000000c1f79e40,0x00000000c4300000)
 Metaspace       used 50112K, committed 50880K, reserved 1097728K
  class space    used 5501K, committed 5824K, reserved 1048576K
}
Event: 15.686 GC heap after
{Heap after GC invocations=15 (full 2):
 PSYoungGen      total 24576K, used 2254K [0x00000000eab00000, 0x00000000ec780000, 0x0000000100000000)
  eden space 22016K, 0% used [0x00000000eab00000,0x00000000eab00000,0x00000000ec080000)
  from space 2560K, 88% used [0x00000000ec400000,0x00000000ec633af0,0x00000000ec680000)
  to   space 1024K, 0% used [0x00000000ec680000,0x00000000ec680000,0x00000000ec780000)
 ParOldGen       total 68608K, used 34684K [0x00000000c0000000, 0x00000000c4300000, 0x00000000eab00000)
  object space 68608K, 50% used [0x00000000c0000000,0x00000000c21df1a8,0x00000000c4300000)
 Metaspace       used 50112K, committed 50880K, reserved 1097728K
  class space    used 5501K, committed 5824K, reserved 1048576K
}
Event: 16.862 GC heap before
{Heap before GC invocations=16 (full 2):
 PSYoungGen      total 24576K, used 24270K [0x00000000eab00000, 0x00000000ec780000, 0x0000000100000000)
  eden space 22016K, 100% used [0x00000000eab00000,0x00000000ec080000,0x00000000ec080000)
  from space 2560K, 88% used [0x00000000ec400000,0x00000000ec633af0,0x00000000ec680000)
  to   space 1024K, 0% used [0x00000000ec680000,0x00000000ec680000,0x00000000ec780000)
 ParOldGen       total 68608K, used 34684K [0x00000000c0000000, 0x00000000c4300000, 0x00000000eab00000)
  object space 68608K, 50% used [0x00000000c0000000,0x00000000c21df1a8,0x00000000c4300000)
 Metaspace       used 54342K, committed 55168K, reserved 1097728K
  class space    used 5887K, committed 6208K, reserved 1048576K
}
Event: 16.869 GC heap after
{Heap after GC invocations=16 (full 2):
 PSYoungGen      total 20480K, used 1008K [0x00000000eab00000, 0x00000000ed180000, 0x0000000100000000)
  eden space 19456K, 0% used [0x00000000eab00000,0x00000000eab00000,0x00000000ebe00000)
  from space 1024K, 98% used [0x00000000ec680000,0x00000000ec77c010,0x00000000ec780000)
  to   space 8704K, 0% used [0x00000000ebe00000,0x00000000ebe00000,0x00000000ec680000)
 ParOldGen       total 68608K, used 41189K [0x00000000c0000000, 0x00000000c4300000, 0x00000000eab00000)
  object space 68608K, 60% used [0x00000000c0000000,0x00000000c28395c8,0x00000000c4300000)
 Metaspace       used 54342K, committed 55168K, reserved 1097728K
  class space    used 5887K, committed 6208K, reserved 1048576K
}
Event: 17.095 GC heap before
{Heap before GC invocations=17 (full 2):
 PSYoungGen      total 20480K, used 20429K [0x00000000eab00000, 0x00000000ed180000, 0x0000000100000000)
  eden space 19456K, 99% used [0x00000000eab00000,0x00000000ebdf74e0,0x00000000ebe00000)
  from space 1024K, 98% used [0x00000000ec680000,0x00000000ec77c010,0x00000000ec780000)
  to   space 8704K, 0% used [0x00000000ebe00000,0x00000000ebe00000,0x00000000ec680000)
 ParOldGen       total 68608K, used 41189K [0x00000000c0000000, 0x00000000c4300000, 0x00000000eab00000)
  object space 68608K, 60% used [0x00000000c0000000,0x00000000c28395c8,0x00000000c4300000)
 Metaspace       used 54845K, committed 55552K, reserved 1105920K
  class space    used 5942K, committed 6208K, reserved 1048576K
}
Event: 17.098 GC heap after
{Heap after GC invocations=17 (full 2):
 PSYoungGen      total 22016K, used 2149K [0x00000000eab00000, 0x00000000ec700000, 0x0000000100000000)
  eden space 19456K, 0% used [0x00000000eab00000,0x00000000eab00000,0x00000000ebe00000)
  from space 2560K, 83% used [0x00000000ebe00000,0x00000000ec0196f0,0x00000000ec080000)
  to   space 4096K, 0% used [0x00000000ec300000,0x00000000ec300000,0x00000000ec700000)
 ParOldGen       total 68608K, used 42198K [0x00000000c0000000, 0x00000000c4300000, 0x00000000eab00000)
  object space 68608K, 61% used [0x00000000c0000000,0x00000000c2935be8,0x00000000c4300000)
 Metaspace       used 54845K, committed 55552K, reserved 1105920K
  class space    used 5942K, committed 6208K, reserved 1048576K
}
Event: 17.278 GC heap before
{Heap before GC invocations=18 (full 3):
 PSYoungGen      total 22016K, used 21605K [0x00000000eab00000, 0x00000000ec700000, 0x0000000100000000)
  eden space 19456K, 100% used [0x00000000eab00000,0x00000000ebe00000,0x00000000ebe00000)
  from space 2560K, 83% used [0x00000000ebe00000,0x00000000ec0196f0,0x00000000ec080000)
  to   space 4096K, 0% used [0x00000000ec300000,0x00000000ec300000,0x00000000ec700000)
 ParOldGen       total 79872K, used 79537K [0x00000000c0000000, 0x00000000c4e00000, 0x00000000eab00000)
  object space 79872K, 99% used [0x00000000c0000000,0x00000000c4dac738,0x00000000c4e00000)
 Metaspace       used 55086K, committed 55808K, reserved 1105920K
  class space    used 5965K, committed 6208K, reserved 1048576K
}
Event: 17.385 GC heap after
{Heap after GC invocations=18 (full 3):
 PSYoungGen      total 22528K, used 0K [0x00000000eab00000, 0x00000000ec600000, 0x0000000100000000)
  eden space 19456K, 0% used [0x00000000eab00000,0x00000000eab00000,0x00000000ebe00000)
  from space 3072K, 0% used [0x00000000ec300000,0x00000000ec300000,0x00000000ec600000)
  to   space 4096K, 0% used [0x00000000ebe00000,0x00000000ebe00000,0x00000000ec200000)
 ParOldGen       total 72192K, used 44034K [0x00000000c0000000, 0x00000000c4680000, 0x00000000eab00000)
  object space 72192K, 60% used [0x00000000c0000000,0x00000000c2b00b30,0x00000000c4680000)
 Metaspace       used 55084K, committed 55808K, reserved 1105920K
  class space    used 5964K, committed 6208K, reserved 1048576K
}
Event: 17.542 GC heap before
{Heap before GC invocations=19 (full 3):
 PSYoungGen      total 22528K, used 19456K [0x00000000eab00000, 0x00000000ec600000, 0x0000000100000000)
  eden space 19456K, 100% used [0x00000000eab00000,0x00000000ebe00000,0x00000000ebe00000)
  from space 3072K, 0% used [0x00000000ec300000,0x00000000ec300000,0x00000000ec600000)
  to   space 4096K, 0% used [0x00000000ebe00000,0x00000000ebe00000,0x00000000ec200000)
 ParOldGen       total 72192K, used 44034K [0x00000000c0000000, 0x00000000c4680000, 0x00000000eab00000)
  object space 72192K, 60% used [0x00000000c0000000,0x00000000c2b00b30,0x00000000c4680000)
 Metaspace       used 55712K, committed 56512K, reserved 1105920K
  class space    used 6004K, committed 6272K, reserved 1048576K
}
Event: 17.553 GC heap after
{Heap after GC invocations=19 (full 3):
 PSYoungGen      total 23552K, used 4082K [0x00000000eab00000, 0x00000000ed700000, 0x0000000100000000)
  eden space 19456K, 0% used [0x00000000eab00000,0x00000000eab00000,0x00000000ebe00000)
  from space 4096K, 99% used [0x00000000ebe00000,0x00000000ec1fcad0,0x00000000ec200000)
  to   space 12800K, 0% used [0x00000000eca80000,0x00000000eca80000,0x00000000ed700000)
 ParOldGen       total 72192K, used 50922K [0x00000000c0000000, 0x00000000c4680000, 0x00000000eab00000)
  object space 72192K, 70% used [0x00000000c0000000,0x00000000c31bab30,0x00000000c4680000)
 Metaspace       used 55712K, committed 56512K, reserved 1105920K
  class space    used 6004K, committed 6272K, reserved 1048576K
}

