# JRE version: OpenJDK Runtime Environment Temurin-17.0.1+12 (17.0.1+12) (build 17.0.1+12)
# Java VM: OpenJDK 64-Bit Server VM Temurin-17.0.1+12 (17.0.1+12, mixed mode, sharing, tiered, compressed oops, compressed class ptrs, parallel gc, windows-amd64)
GC Precious Log:
 CPUs: 8 total, 8 available
 Memory: 7069M
 Large Page Support: Disabled
 NUMA Support: Disabled
 Compressed Oops: Enabled (32-bit)
 Alignments: Space 512K, Generation 512K, Heap 2M
 Heap Min Capacity: 100M
 Heap Initial Capacity: 100M
 Heap Max Capacity: 1G
 Pre-touch: Disabled
 Parallel Workers: 8
Heap:
 PSYoungGen      total 19456K, used 17727K [0x00000000eab00000, 0x00000000ec380000, 0x0000000100000000)
  eden space 17920K, 98% used [0x00000000eab00000,0x00000000ebc4fc20,0x00000000ebc80000)
  from space 1536K, 0% used [0x00000000ec200000,0x00000000ec200000,0x00000000ec380000)
  to   space 3584K, 0% used [0x00000000ebc80000,0x00000000ebc80000,0x00000000ec000000)
 ParOldGen       total 90112K, used 60780K [0x00000000c0000000, 0x00000000c5800000, 0x00000000eab00000)
  object space 90112K, 67% used [0x00000000c0000000,0x00000000c3b5b260,0x00000000c5800000)
 Metaspace       used 40089K, committed 40768K, reserved 1089536K
  class space    used 3825K, committed 4096K, reserved 1048576K
GC Heap History (20 events):
Event: 22.942 GC heap before
{Heap before GC invocations=15 (full 2):
 PSYoungGen      total 23552K, used 23200K [0x00000000eab00000, 0x00000000ec800000, 0x0000000100000000)
  eden space 22016K, 100% used [0x00000000eab00000,0x00000000ec080000,0x00000000ec080000)
  from space 1536K, 77% used [0x00000000ec680000,0x00000000ec7a8000,0x00000000ec800000)
  to   space 3072K, 0% used [0x00000000ec200000,0x00000000ec200000,0x00000000ec500000)
 ParOldGen       total 68608K, used 31976K [0x00000000c0000000, 0x00000000c4300000, 0x00000000eab00000)
  object space 68608K, 46% used [0x00000000c0000000,0x00000000c1f3a340,0x00000000c4300000)
 Metaspace       used 37289K, committed 37888K, reserved 1089536K
  class space    used 3647K, committed 3904K, reserved 1048576K
}
Event: 22.947 GC heap after
{Heap after GC invocations=15 (full 2):
 PSYoungGen      total 25088K, used 1861K [0x00000000eab00000, 0x00000000ec700000, 0x0000000100000000)
  eden space 22016K, 0% used [0x00000000eab00000,0x00000000eab00000,0x00000000ec080000)
  from space 3072K, 60% used [0x00000000ec200000,0x00000000ec3d1538,0x00000000ec500000)
  to   space 2048K, 0% used [0x00000000ec500000,0x00000000ec500000,0x00000000ec700000)
 ParOldGen       total 68608K, used 33032K [0x00000000c0000000, 0x00000000c4300000, 0x00000000eab00000)
  object space 68608K, 48% used [0x00000000c0000000,0x00000000c20422a0,0x00000000c4300000)
 Metaspace       used 37289K, committed 37888K, reserved 1089536K
  class space    used 3647K, committed 3904K, reserved 1048576K
}
Event: 24.343 GC heap before
{Heap before GC invocations=16 (full 2):
 PSYoungGen      total 25088K, used 23862K [0x00000000eab00000, 0x00000000ec700000, 0x0000000100000000)
  eden space 22016K, 99% used [0x00000000eab00000,0x00000000ec07c4b8,0x00000000ec080000)
  from space 3072K, 60% used [0x00000000ec200000,0x00000000ec3d1538,0x00000000ec500000)
  to   space 2048K, 0% used [0x00000000ec500000,0x00000000ec500000,0x00000000ec700000)
 ParOldGen       total 68608K, used 33032K [0x00000000c0000000, 0x00000000c4300000, 0x00000000eab00000)
  object space 68608K, 48% used [0x00000000c0000000,0x00000000c20422a0,0x00000000c4300000)
 Metaspace       used 38896K, committed 39552K, reserved 1089536K
  class space    used 3811K, committed 4096K, reserved 1048576K
}
Event: 24.345 GC heap after
{Heap after GC invocations=16 (full 2):
 PSYoungGen      total 23040K, used 959K [0x00000000eab00000, 0x00000000ec600000, 0x0000000100000000)
  eden space 22016K, 0% used [0x00000000eab00000,0x00000000eab00000,0x00000000ec080000)
  from space 1024K, 93% used [0x00000000ec500000,0x00000000ec5efc48,0x00000000ec600000)
  to   space 1536K, 0% used [0x00000000ec300000,0x00000000ec300000,0x00000000ec480000)
 ParOldGen       total 68608K, used 33933K [0x00000000c0000000, 0x00000000c4300000, 0x00000000eab00000)
  object space 68608K, 49% used [0x00000000c0000000,0x00000000c2123758,0x00000000c4300000)
 Metaspace       used 38896K, committed 39552K, reserved 1089536K
  class space    used 3811K, committed 4096K, reserved 1048576K
}
Event: 25.812 GC heap before
{Heap before GC invocations=17 (full 2):
 PSYoungGen      total 23040K, used 22975K [0x00000000eab00000, 0x00000000ec600000, 0x0000000100000000)
  eden space 22016K, 100% used [0x00000000eab00000,0x00000000ec080000,0x00000000ec080000)
  from space 1024K, 93% used [0x00000000ec500000,0x00000000ec5efc48,0x00000000ec600000)
  to   space 1536K, 0% used [0x00000000ec300000,0x00000000ec300000,0x00000000ec480000)
 ParOldGen       total 68608K, used 33933K [0x00000000c0000000, 0x00000000c4300000, 0x00000000eab00000)
  object space 68608K, 49% used [0x00000000c0000000,0x00000000c2123758,0x00000000c4300000)
 Metaspace       used 38948K, committed 39616K, reserved 1089536K
  class space    used 3813K, committed 4096K, reserved 1048576K
}
Event: 25.820 GC heap after
{Heap after GC invocations=17 (full 2):
 PSYoungGen      total 23552K, used 1511K [0x00000000eab00000, 0x00000000ed080000, 0x0000000100000000)
  eden space 22016K, 0% used [0x00000000eab00000,0x00000000eab00000,0x00000000ec080000)
  from space 1536K, 98% used [0x00000000ec300000,0x00000000ec479f78,0x00000000ec480000)
  to   space 8192K, 0% used [0x00000000ec880000,0x00000000ec880000,0x00000000ed080000)
 ParOldGen       total 68608K, used 39123K [0x00000000c0000000, 0x00000000c4300000, 0x00000000eab00000)
  object space 68608K, 57% used [0x00000000c0000000,0x00000000c2634fb0,0x00000000c4300000)
 Metaspace       used 38948K, committed 39616K, reserved 1089536K
  class space    used 3813K, committed 4096K, reserved 1048576K
}
Event: 26.180 GC heap before
{Heap before GC invocations=18 (full 2):
 PSYoungGen      total 23552K, used 23527K [0x00000000eab00000, 0x00000000ed080000, 0x0000000100000000)
  eden space 22016K, 100% used [0x00000000eab00000,0x00000000ec080000,0x00000000ec080000)
  from space 1536K, 98% used [0x00000000ec300000,0x00000000ec479f78,0x00000000ec480000)
  to   space 8192K, 0% used [0x00000000ec880000,0x00000000ec880000,0x00000000ed080000)
 ParOldGen       total 68608K, used 39123K [0x00000000c0000000, 0x00000000c4300000, 0x00000000eab00000)
  object space 68608K, 57% used [0x00000000c0000000,0x00000000c2634fb0,0x00000000c4300000)
 Metaspace       used 39141K, committed 39744K, reserved 1089536K
  class space    used 3814K, committed 4096K, reserved 1048576K
}
Event: 26.191 GC heap after
{Heap after GC invocations=18 (full 2):
 PSYoungGen      total 28160K, used 6049K [0x00000000eab00000, 0x00000000ece80000, 0x0000000100000000)
  eden space 22016K, 0% used [0x00000000eab00000,0x00000000eab00000,0x00000000ec080000)
  from space 6144K, 98% used [0x00000000ec880000,0x00000000ece68680,0x00000000ece80000)
  to   space 6656K, 0% used [0x00000000ec180000,0x00000000ec180000,0x00000000ec800000)
 ParOldGen       total 68608K, used 40585K [0x00000000c0000000, 0x00000000c4300000, 0x00000000eab00000)
  object space 68608K, 59% used [0x00000000c0000000,0x00000000c27a2488,0x00000000c4300000)
 Metaspace       used 39141K, committed 39744K, reserved 1089536K
  class space    used 3814K, committed 4096K, reserved 1048576K
}
Event: 26.729 GC heap before
{Heap before GC invocations=19 (full 2):
 PSYoungGen      total 28160K, used 28065K [0x00000000eab00000, 0x00000000ece80000, 0x0000000100000000)
  eden space 22016K, 100% used [0x00000000eab00000,0x00000000ec080000,0x00000000ec080000)
  from space 6144K, 98% used [0x00000000ec880000,0x00000000ece68680,0x00000000ece80000)
  to   space 6656K, 0% used [0x00000000ec180000,0x00000000ec180000,0x00000000ec800000)
 ParOldGen       total 68608K, used 40585K [0x00000000c0000000, 0x00000000c4300000, 0x00000000eab00000)
  object space 68608K, 59% used [0x00000000c0000000,0x00000000c27a2488,0x00000000c4300000)
 Metaspace       used 39161K, committed 39808K, reserved 1089536K
  class space    used 3814K, committed 4096K, reserved 1048576K
}
Event: 26.741 GC heap after
{Heap after GC invocations=19 (full 2):
 PSYoungGen      total 28672K, used 6502K [0x00000000eab00000, 0x00000000ecd80000, 0x0000000100000000)
  eden space 22016K, 0% used [0x00000000eab00000,0x00000000eab00000,0x00000000ec080000)
  from space 6656K, 97% used [0x00000000ec180000,0x00000000ec7d99f0,0x00000000ec800000)
  to   space 5632K, 0% used [0x00000000ec800000,0x00000000ec800000,0x00000000ecd80000)
 ParOldGen       total 68608K, used 46277K [0x00000000c0000000, 0x00000000c4300000, 0x00000000eab00000)
  object space 68608K, 67% used [0x00000000c0000000,0x00000000c2d31540,0x00000000c4300000)
 Metaspace       used 39161K, committed 39808K, reserved 1089536K
  class space    used 3814K, committed 4096K, reserved 1048576K
}
Event: 27.181 GC heap before
{Heap before GC invocations=20 (full 2):
 PSYoungGen      total 28672K, used 28518K [0x00000000eab00000, 0x00000000ecd80000, 0x0000000100000000)
  eden space 22016K, 100% used [0x00000000eab00000,0x00000000ec080000,0x00000000ec080000)
  from space 6656K, 97% used [0x00000000ec180000,0x00000000ec7d99f0,0x00000000ec800000)
  to   space 5632K, 0% used [0x00000000ec800000,0x00000000ec800000,0x00000000ecd80000)
 ParOldGen       total 68608K, used 46277K [0x00000000c0000000, 0x00000000c4300000, 0x00000000eab00000)
  object space 68608K, 67% used [0x00000000c0000000,0x00000000c2d31540,0x00000000c4300000)
 Metaspace       used 39197K, committed 39808K, reserved 1089536K
  class space    used 3814K, committed 4096K, reserved 1048576K
}
Event: 27.192 GC heap after
{Heap after GC invocations=20 (full 2):
 PSYoungGen      total 27136K, used 5059K [0x00000000eab00000, 0x00000000ecd00000, 0x0000000100000000)
  eden space 22016K, 0% used [0x00000000eab00000,0x00000000eab00000,0x00000000ec080000)
  from space 5120K, 98% used [0x00000000ec800000,0x00000000eccf0cf0,0x00000000ecd00000)
  to   space 5632K, 0% used [0x00000000ec200000,0x00000000ec200000,0x00000000ec780000)
 ParOldGen       total 68608K, used 52690K [0x00000000c0000000, 0x00000000c4300000, 0x00000000eab00000)
  object space 68608K, 76% used [0x00000000c0000000,0x00000000c3374928,0x00000000c4300000)
 Metaspace       used 39197K, committed 39808K, reserved 1089536K
  class space    used 3814K, committed 4096K, reserved 1048576K
}
Event: 29.481 GC heap before
{Heap before GC invocations=21 (full 2):
 PSYoungGen      total 27136K, used 27075K [0x00000000eab00000, 0x00000000ecd00000, 0x0000000100000000)
  eden space 22016K, 100% used [0x00000000eab00000,0x00000000ec080000,0x00000000ec080000)
  from space 5120K, 98% used [0x00000000ec800000,0x00000000eccf0cf0,0x00000000ecd00000)
  to   space 5632K, 0% used [0x00000000ec200000,0x00000000ec200000,0x00000000ec780000)
 ParOldGen       total 68608K, used 52690K [0x00000000c0000000, 0x00000000c4300000, 0x00000000eab00000)
  object space 68608K, 76% used [0x00000000c0000000,0x00000000c3374928,0x00000000c4300000)
 Metaspace       used 39335K, committed 40000K, reserved 1089536K
  class space    used 3815K, committed 4096K, reserved 1048576K
}
Event: 29.493 GC heap after
{Heap after GC invocations=21 (full 2):
 PSYoungGen      total 25088K, used 2652K [0x00000000eab00000, 0x00000000ec880000, 0x0000000100000000)
  eden space 22016K, 0% used [0x00000000eab00000,0x00000000eab00000,0x00000000ec080000)
  from space 3072K, 86% used [0x00000000ec200000,0x00000000ec497288,0x00000000ec500000)
  to   space 3584K, 0% used [0x00000000ec500000,0x00000000ec500000,0x00000000ec880000)
 ParOldGen       total 68608K, used 57612K [0x00000000c0000000, 0x00000000c4300000, 0x00000000eab00000)
  object space 68608K, 83% used [0x00000000c0000000,0x00000000c3843318,0x00000000c4300000)
 Metaspace       used 39335K, committed 40000K, reserved 1089536K
  class space    used 3815K, committed 4096K, reserved 1048576K
}
Event: 30.191 GC heap before
{Heap before GC invocations=22 (full 2):
 PSYoungGen      total 25088K, used 24668K [0x00000000eab00000, 0x00000000ec880000, 0x0000000100000000)
  eden space 22016K, 100% used [0x00000000eab00000,0x00000000ec080000,0x00000000ec080000)
  from space 3072K, 86% used [0x00000000ec200000,0x00000000ec497288,0x00000000ec500000)
  to   space 3584K, 0% used [0x00000000ec500000,0x00000000ec500000,0x00000000ec880000)
 ParOldGen       total 68608K, used 57612K [0x00000000c0000000, 0x00000000c4300000, 0x00000000eab00000)
  object space 68608K, 83% used [0x00000000c0000000,0x00000000c3843318,0x00000000c4300000)
 Metaspace       used 39429K, committed 40128K, reserved 1089536K
  class space    used 3815K, committed 4096K, reserved 1048576K
}
Event: 30.198 GC heap after
{Heap after GC invocations=22 (full 2):
 PSYoungGen      total 21504K, used 3580K [0x00000000eab00000, 0x00000000ed180000, 0x0000000100000000)
  eden space 17920K, 0% used [0x00000000eab00000,0x00000000eab00000,0x00000000ebc80000)
  from space 3584K, 99% used [0x00000000ec500000,0x00000000ec87f3c8,0x00000000ec880000)
  to   space 8704K, 0% used [0x00000000ebc80000,0x00000000ebc80000,0x00000000ec500000)
 ParOldGen       total 68608K, used 61778K [0x00000000c0000000, 0x00000000c4300000, 0x00000000eab00000)
  object space 68608K, 90% used [0x00000000c0000000,0x00000000c3c54b10,0x00000000c4300000)
 Metaspace       used 39429K, committed 40128K, reserved 1089536K
  class space    used 3815K, committed 4096K, reserved 1048576K
}
Event: 32.291 GC heap before
{Heap before GC invocations=23 (full 2):
 PSYoungGen      total 21504K, used 21500K [0x00000000eab00000, 0x00000000ed180000, 0x0000000100000000)
  eden space 17920K, 100% used [0x00000000eab00000,0x00000000ebc80000,0x00000000ebc80000)
  from space 3584K, 99% used [0x00000000ec500000,0x00000000ec87f3c8,0x00000000ec880000)
  to   space 8704K, 0% used [0x00000000ebc80000,0x00000000ebc80000,0x00000000ec500000)
 ParOldGen       total 68608K, used 61778K [0x00000000c0000000, 0x00000000c4300000, 0x00000000eab00000)
  object space 68608K, 90% used [0x00000000c0000000,0x00000000c3c54b10,0x00000000c4300000)
 Metaspace       used 39699K, committed 40384K, reserved 1089536K
  class space    used 3823K, committed 4096K, reserved 1048576K
}
Event: 32.298 GC heap after
{Heap after GC invocations=23 (full 2):
 PSYoungGen      total 18944K, used 896K [0x00000000eab00000, 0x00000000ec580000, 0x0000000100000000)
  eden space 17920K, 0% used [0x00000000eab00000,0x00000000eab00000,0x00000000ebc80000)
  from space 1024K, 87% used [0x00000000ebc80000,0x00000000ebd60000,0x00000000ebd80000)
  to   space 3584K, 0% used [0x00000000ec200000,0x00000000ec200000,0x00000000ec580000)
 ParOldGen       total 68608K, used 65410K [0x00000000c0000000, 0x00000000c4300000, 0x00000000eab00000)
  object space 68608K, 95% used [0x00000000c0000000,0x00000000c3fe08e8,0x00000000c4300000)
 Metaspace       used 39699K, committed 40384K, reserved 1089536K
  class space    used 3823K, committed 4096K, reserved 1048576K
}
Event: 32.298 GC heap before
{Heap before GC invocations=24 (full 3):
 PSYoungGen      total 18944K, used 896K [0x00000000eab00000, 0x00000000ec580000, 0x0000000100000000)
  eden space 17920K, 0% used [0x00000000eab00000,0x00000000eab00000,0x00000000ebc80000)
  from space 1024K, 87% used [0x00000000ebc80000,0x00000000ebd60000,0x00000000ebd80000)
  to   space 3584K, 0% used [0x00000000ec200000,0x00000000ec200000,0x00000000ec580000)
 ParOldGen       total 68608K, used 65410K [0x00000000c0000000, 0x00000000c4300000, 0x00000000eab00000)
  object space 68608K, 95% used [0x00000000c0000000,0x00000000c3fe08e8,0x00000000c4300000)
 Metaspace       used 39699K, committed 40384K, reserved 1089536K
  class space    used 3823K, committed 4096K, reserved 1048576K
}
Event: 32.450 GC heap after
{Heap after GC invocations=24 (full 3):
 PSYoungGen      total 19456K, used 0K [0x00000000eab00000, 0x00000000ec380000, 0x0000000100000000)
  eden space 17920K, 0% used [0x00000000eab00000,0x00000000eab00000,0x00000000ebc80000)
  from space 1536K, 0% used [0x00000000ec200000,0x00000000ec200000,0x00000000ec380000)
  to   space 3584K, 0% used [0x00000000ebc80000,0x00000000ebc80000,0x00000000ec000000)
 ParOldGen       total 90112K, used 60780K [0x00000000c0000000, 0x00000000c5800000, 0x00000000eab00000)
  object space 90112K, 67% used [0x00000000c0000000,0x00000000c3b5b260,0x00000000c5800000)
 Metaspace       used 39699K, committed 40384K, reserved 1089536K
  class space    used 3823K, committed 4096K, reserved 1048576K
}

