# JRE version: OpenJDK Runtime Environment Temurin-17.0.1+12 (17.0.1+12) (build 17.0.1+12)
# Java VM: OpenJDK 64-Bit Server VM Temurin-17.0.1+12 (17.0.1+12, mixed mode, sharing, tiered, compressed oops, compressed class ptrs, parallel gc, windows-amd64)
GC Precious Log:
 CPUs: 8 total, 8 available
 Memory: 7069M
 Large Page Support: Disabled
 NUMA Support: Disabled
 Compressed Oops: Enabled (32-bit)
 Alignments: Space 512K, Generation 512K, Heap 2M
 Heap Min Capacity: 100M
 Heap Initial Capacity: 100M
 Heap Max Capacity: 1G
 Pre-touch: Disabled
 Parallel Workers: 8
Heap:
 PSYoungGen      total 35328K, used 20414K [0x00000000eab00000, 0x00000000edc00000, 0x0000000100000000)
  eden space 21504K, 31% used [0x00000000eab00000,0x00000000eb1afa08,0x00000000ec000000)
  from space 13824K, 98% used [0x00000000ec000000,0x00000000ecd40020,0x00000000ecd80000)
  to   space 14336K, 0% used [0x00000000ece00000,0x00000000ece00000,0x00000000edc00000)
 ParOldGen       total 79872K, used 62632K [0x00000000c0000000, 0x00000000c4e00000, 0x00000000eab00000)
  object space 79872K, 78% used [0x00000000c0000000,0x00000000c3d2a2f0,0x00000000c4e00000)
 Metaspace       used 49604K, committed 50368K, reserved 1097728K
  class space    used 5298K, committed 5632K, reserved 1048576K
GC Heap History (20 events):
Event: 14.178 GC heap after
{Heap after GC invocations=14 (full 2):
 PSYoungGen      total 24576K, used 2432K [0x00000000eab00000, 0x00000000ec680000, 0x0000000100000000)
  eden space 22016K, 0% used [0x00000000eab00000,0x00000000eab00000,0x00000000ec080000)
  from space 2560K, 95% used [0x00000000ec400000,0x00000000ec660000,0x00000000ec680000)
  to   space 3072K, 0% used [0x00000000ec080000,0x00000000ec080000,0x00000000ec380000)
 ParOldGen       total 68608K, used 27209K [0x00000000c0000000, 0x00000000c4300000, 0x00000000eab00000)
  object space 68608K, 39% used [0x00000000c0000000,0x00000000c1a927d0,0x00000000c4300000)
 Metaspace       used 41861K, committed 42688K, reserved 1089536K
  class space    used 4503K, committed 4864K, reserved 1048576K
}
Event: 14.598 GC heap before
{Heap before GC invocations=15 (full 2):
 PSYoungGen      total 24576K, used 24448K [0x00000000eab00000, 0x00000000ec680000, 0x0000000100000000)
  eden space 22016K, 100% used [0x00000000eab00000,0x00000000ec080000,0x00000000ec080000)
  from space 2560K, 95% used [0x00000000ec400000,0x00000000ec660000,0x00000000ec680000)
  to   space 3072K, 0% used [0x00000000ec080000,0x00000000ec080000,0x00000000ec380000)
 ParOldGen       total 68608K, used 27209K [0x00000000c0000000, 0x00000000c4300000, 0x00000000eab00000)
  object space 68608K, 39% used [0x00000000c0000000,0x00000000c1a927d0,0x00000000c4300000)
 Metaspace       used 43264K, committed 44032K, reserved 1089536K
  class space    used 4648K, committed 4992K, reserved 1048576K
}
Event: 14.612 GC heap after
{Heap after GC invocations=15 (full 2):
 PSYoungGen      total 25088K, used 3055K [0x00000000eab00000, 0x00000000ed880000, 0x0000000100000000)
  eden space 22016K, 0% used [0x00000000eab00000,0x00000000eab00000,0x00000000ec080000)
  from space 3072K, 99% used [0x00000000ec080000,0x00000000ec37bf60,0x00000000ec380000)
  to   space 12288K, 0% used [0x00000000ecc80000,0x00000000ecc80000,0x00000000ed880000)
 ParOldGen       total 68608K, used 34888K [0x00000000c0000000, 0x00000000c4300000, 0x00000000eab00000)
  object space 68608K, 50% used [0x00000000c0000000,0x00000000c2212050,0x00000000c4300000)
 Metaspace       used 43264K, committed 44032K, reserved 1089536K
  class space    used 4648K, committed 4992K, reserved 1048576K
}
Event: 15.970 GC heap before
{Heap before GC invocations=16 (full 2):
 PSYoungGen      total 25088K, used 25071K [0x00000000eab00000, 0x00000000ed880000, 0x0000000100000000)
  eden space 22016K, 100% used [0x00000000eab00000,0x00000000ec080000,0x00000000ec080000)
  from space 3072K, 99% used [0x00000000ec080000,0x00000000ec37bf60,0x00000000ec380000)
  to   space 12288K, 0% used [0x00000000ecc80000,0x00000000ecc80000,0x00000000ed880000)
 ParOldGen       total 68608K, used 34888K [0x00000000c0000000, 0x00000000c4300000, 0x00000000eab00000)
  object space 68608K, 50% used [0x00000000c0000000,0x00000000c2212050,0x00000000c4300000)
 Metaspace       used 44448K, committed 45248K, reserved 1089536K
  class space    used 4754K, committed 5120K, reserved 1048576K
}
Event: 15.974 GC heap after
{Heap after GC invocations=16 (full 2):
 PSYoungGen      total 25600K, used 3559K [0x00000000eab00000, 0x00000000ed000000, 0x0000000100000000)
  eden space 22016K, 0% used [0x00000000eab00000,0x00000000eab00000,0x00000000ec080000)
  from space 3584K, 99% used [0x00000000ecc80000,0x00000000ecff9fb0,0x00000000ed000000)
  to   space 6144K, 0% used [0x00000000ec400000,0x00000000ec400000,0x00000000eca00000)
 ParOldGen       total 68608K, used 35497K [0x00000000c0000000, 0x00000000c4300000, 0x00000000eab00000)
  object space 68608K, 51% used [0x00000000c0000000,0x00000000c22aa7f0,0x00000000c4300000)
 Metaspace       used 44448K, committed 45248K, reserved 1089536K
  class space    used 4754K, committed 5120K, reserved 1048576K
}
Event: 16.641 GC heap before
{Heap before GC invocations=17 (full 2):
 PSYoungGen      total 25600K, used 25575K [0x00000000eab00000, 0x00000000ed000000, 0x0000000100000000)
  eden space 22016K, 100% used [0x00000000eab00000,0x00000000ec080000,0x00000000ec080000)
  from space 3584K, 99% used [0x00000000ecc80000,0x00000000ecff9fb0,0x00000000ed000000)
  to   space 6144K, 0% used [0x00000000ec400000,0x00000000ec400000,0x00000000eca00000)
 ParOldGen       total 68608K, used 35497K [0x00000000c0000000, 0x00000000c4300000, 0x00000000eab00000)
  object space 68608K, 51% used [0x00000000c0000000,0x00000000c22aa7f0,0x00000000c4300000)
 Metaspace       used 47382K, committed 48256K, reserved 1097728K
  class space    used 5042K, committed 5440K, reserved 1048576K
}
Event: 16.651 GC heap after
{Heap after GC invocations=17 (full 2):
 PSYoungGen      total 25088K, used 3035K [0x00000000eab00000, 0x00000000ecd00000, 0x0000000100000000)
  eden space 22016K, 0% used [0x00000000eab00000,0x00000000eab00000,0x00000000ec080000)
  from space 3072K, 98% used [0x00000000ec400000,0x00000000ec6f6ea8,0x00000000ec700000)
  to   space 4096K, 0% used [0x00000000ec900000,0x00000000ec900000,0x00000000ecd00000)
 ParOldGen       total 68608K, used 38769K [0x00000000c0000000, 0x00000000c4300000, 0x00000000eab00000)
  object space 68608K, 56% used [0x00000000c0000000,0x00000000c25dc790,0x00000000c4300000)
 Metaspace       used 47382K, committed 48256K, reserved 1097728K
  class space    used 5042K, committed 5440K, reserved 1048576K
}
Event: 16.742 GC heap before
{Heap before GC invocations=18 (full 2):
 PSYoungGen      total 25088K, used 25051K [0x00000000eab00000, 0x00000000ecd00000, 0x0000000100000000)
  eden space 22016K, 100% used [0x00000000eab00000,0x00000000ec080000,0x00000000ec080000)
  from space 3072K, 98% used [0x00000000ec400000,0x00000000ec6f6ea8,0x00000000ec700000)
  to   space 4096K, 0% used [0x00000000ec900000,0x00000000ec900000,0x00000000ecd00000)
 ParOldGen       total 68608K, used 38769K [0x00000000c0000000, 0x00000000c4300000, 0x00000000eab00000)
  object space 68608K, 56% used [0x00000000c0000000,0x00000000c25dc790,0x00000000c4300000)
 Metaspace       used 47588K, committed 48448K, reserved 1097728K
  class space    used 5060K, committed 5440K, reserved 1048576K
}
Event: 16.747 GC heap after
{Heap after GC invocations=18 (full 2):
 PSYoungGen      total 23040K, used 992K [0x00000000eab00000, 0x00000000eca00000, 0x0000000100000000)
  eden space 22016K, 0% used [0x00000000eab00000,0x00000000eab00000,0x00000000ec080000)
  from space 1024K, 96% used [0x00000000ec900000,0x00000000ec9f8000,0x00000000eca00000)
  to   space 2048K, 0% used [0x00000000ec600000,0x00000000ec600000,0x00000000ec800000)
 ParOldGen       total 68608K, used 41656K [0x00000000c0000000, 0x00000000c4300000, 0x00000000eab00000)
  object space 68608K, 60% used [0x00000000c0000000,0x00000000c28ae1d0,0x00000000c4300000)
 Metaspace       used 47588K, committed 48448K, reserved 1097728K
  class space    used 5060K, committed 5440K, reserved 1048576K
}
Event: 16.828 GC heap before
{Heap before GC invocations=19 (full 2):
 PSYoungGen      total 23040K, used 23008K [0x00000000eab00000, 0x00000000eca00000, 0x0000000100000000)
  eden space 22016K, 100% used [0x00000000eab00000,0x00000000ec080000,0x00000000ec080000)
  from space 1024K, 96% used [0x00000000ec900000,0x00000000ec9f8000,0x00000000eca00000)
  to   space 2048K, 0% used [0x00000000ec600000,0x00000000ec600000,0x00000000ec800000)
 ParOldGen       total 68608K, used 41656K [0x00000000c0000000, 0x00000000c4300000, 0x00000000eab00000)
  object space 68608K, 60% used [0x00000000c0000000,0x00000000c28ae1d0,0x00000000c4300000)
 Metaspace       used 47618K, committed 48448K, reserved 1097728K
  class space    used 5066K, committed 5440K, reserved 1048576K
}
Event: 16.833 GC heap after
{Heap after GC invocations=19 (full 2):
 PSYoungGen      total 24064K, used 1705K [0x00000000eab00000, 0x00000000ec980000, 0x0000000100000000)
  eden space 22016K, 0% used [0x00000000eab00000,0x00000000eab00000,0x00000000ec080000)
  from space 2048K, 83% used [0x00000000ec600000,0x00000000ec7aa780,0x00000000ec800000)
  to   space 1536K, 0% used [0x00000000ec800000,0x00000000ec800000,0x00000000ec980000)
 ParOldGen       total 68608K, used 42052K [0x00000000c0000000, 0x00000000c4300000, 0x00000000eab00000)
  object space 68608K, 61% used [0x00000000c0000000,0x00000000c29111e0,0x00000000c4300000)
 Metaspace       used 47618K, committed 48448K, reserved 1097728K
  class space    used 5066K, committed 5440K, reserved 1048576K
}
Event: 16.924 GC heap before
{Heap before GC invocations=20 (full 2):
 PSYoungGen      total 24064K, used 19319K [0x00000000eab00000, 0x00000000ec980000, 0x0000000100000000)
  eden space 22016K, 80% used [0x00000000eab00000,0x00000000ebc33618,0x00000000ec080000)
  from space 2048K, 83% used [0x00000000ec600000,0x00000000ec7aa780,0x00000000ec800000)
  to   space 1536K, 0% used [0x00000000ec800000,0x00000000ec800000,0x00000000ec980000)
 ParOldGen       total 68608K, used 42052K [0x00000000c0000000, 0x00000000c4300000, 0x00000000eab00000)
  object space 68608K, 61% used [0x00000000c0000000,0x00000000c29111e0,0x00000000c4300000)
 Metaspace       used 47690K, committed 48448K, reserved 1097728K
  class space    used 5086K, committed 5440K, reserved 1048576K
}
Event: 16.935 GC heap after
{Heap after GC invocations=20 (full 2):
 PSYoungGen      total 23040K, used 800K [0x00000000eab00000, 0x00000000ec900000, 0x0000000100000000)
  eden space 22016K, 0% used [0x00000000eab00000,0x00000000eab00000,0x00000000ec080000)
  from space 1024K, 78% used [0x00000000ec800000,0x00000000ec8c8000,0x00000000ec900000)
  to   space 1536K, 0% used [0x00000000ec600000,0x00000000ec600000,0x00000000ec780000)
 ParOldGen       total 68608K, used 51188K [0x00000000c0000000, 0x00000000c4300000, 0x00000000eab00000)
  object space 68608K, 74% used [0x00000000c0000000,0x00000000c31fd2a0,0x00000000c4300000)
 Metaspace       used 47690K, committed 48448K, reserved 1097728K
  class space    used 5086K, committed 5440K, reserved 1048576K
}
Event: 17.135 GC heap before
{Heap before GC invocations=21 (full 3):
 PSYoungGen      total 23040K, used 22816K [0x00000000eab00000, 0x00000000ec900000, 0x0000000100000000)
  eden space 22016K, 100% used [0x00000000eab00000,0x00000000ec080000,0x00000000ec080000)
  from space 1024K, 78% used [0x00000000ec800000,0x00000000ec8c8000,0x00000000ec900000)
  to   space 1536K, 0% used [0x00000000ec600000,0x00000000ec600000,0x00000000ec780000)
 ParOldGen       total 79872K, used 77518K [0x00000000c0000000, 0x00000000c4e00000, 0x00000000eab00000)
  object space 79872K, 97% used [0x00000000c0000000,0x00000000c4bb3850,0x00000000c4e00000)
 Metaspace       used 47944K, committed 48704K, reserved 1097728K
  class space    used 5141K, committed 5504K, reserved 1048576K
}
Event: 17.224 GC heap after
{Heap after GC invocations=21 (full 3):
 PSYoungGen      total 22528K, used 0K [0x00000000eab00000, 0x00000000ec880000, 0x0000000100000000)
  eden space 22016K, 0% used [0x00000000eab00000,0x00000000eab00000,0x00000000ec080000)
  from space 512K, 0% used [0x00000000ec600000,0x00000000ec600000,0x00000000ec680000)
  to   space 1536K, 0% used [0x00000000ec700000,0x00000000ec700000,0x00000000ec880000)
 ParOldGen       total 79872K, used 44094K [0x00000000c0000000, 0x00000000c4e00000, 0x00000000eab00000)
  object space 79872K, 55% used [0x00000000c0000000,0x00000000c2b0fb88,0x00000000c4e00000)
 Metaspace       used 47944K, committed 48704K, reserved 1097728K
  class space    used 5141K, committed 5504K, reserved 1048576K
}
Event: 17.310 GC heap before
{Heap before GC invocations=22 (full 3):
 PSYoungGen      total 22528K, used 22016K [0x00000000eab00000, 0x00000000ec880000, 0x0000000100000000)
  eden space 22016K, 100% used [0x00000000eab00000,0x00000000ec080000,0x00000000ec080000)
  from space 512K, 0% used [0x00000000ec600000,0x00000000ec600000,0x00000000ec680000)
  to   space 1536K, 0% used [0x00000000ec700000,0x00000000ec700000,0x00000000ec880000)
 ParOldGen       total 79872K, used 44094K [0x00000000c0000000, 0x00000000c4e00000, 0x00000000eab00000)
  object space 79872K, 55% used [0x00000000c0000000,0x00000000c2b0fb88,0x00000000c4e00000)
 Metaspace       used 48232K, committed 49024K, reserved 1097728K
  class space    used 5165K, committed 5504K, reserved 1048576K
}
Event: 17.320 GC heap after
{Heap after GC invocations=22 (full 3):
 PSYoungGen      total 23552K, used 1536K [0x00000000eab00000, 0x00000000ec880000, 0x0000000100000000)
  eden space 22016K, 0% used [0x00000000eab00000,0x00000000eab00000,0x00000000ec080000)
  from space 1536K, 100% used [0x00000000ec700000,0x00000000ec880000,0x00000000ec880000)
  to   space 512K, 0% used [0x00000000ec600000,0x00000000ec600000,0x00000000ec680000)
 ParOldGen       total 79872K, used 60096K [0x00000000c0000000, 0x00000000c4e00000, 0x00000000eab00000)
  object space 79872K, 75% used [0x00000000c0000000,0x00000000c3ab0128,0x00000000c4e00000)
 Metaspace       used 48232K, committed 49024K, reserved 1097728K
  class space    used 5165K, committed 5504K, reserved 1048576K
}
Event: 17.484 GC heap before
{Heap before GC invocations=23 (full 3):
 PSYoungGen      total 23552K, used 23552K [0x00000000eab00000, 0x00000000ec880000, 0x0000000100000000)
  eden space 22016K, 100% used [0x00000000eab00000,0x00000000ec080000,0x00000000ec080000)
  from space 1536K, 100% used [0x00000000ec700000,0x00000000ec880000,0x00000000ec880000)
  to   space 512K, 0% used [0x00000000ec600000,0x00000000ec600000,0x00000000ec680000)
 ParOldGen       total 79872K, used 60223K [0x00000000c0000000, 0x00000000c4e00000, 0x00000000eab00000)
  object space 79872K, 75% used [0x00000000c0000000,0x00000000c3acff40,0x00000000c4e00000)
 Metaspace       used 49257K, committed 50048K, reserved 1097728K
  class space    used 5269K, committed 5632K, reserved 1048576K
}
Event: 17.497 GC heap after
{Heap after GC invocations=23 (full 3):
 PSYoungGen      total 22016K, used 512K [0x00000000eab00000, 0x00000000edf00000, 0x0000000100000000)
  eden space 21504K, 0% used [0x00000000eab00000,0x00000000eab00000,0x00000000ec000000)
  from space 512K, 100% used [0x00000000ec600000,0x00000000ec680000,0x00000000ec680000)
  to   space 15872K, 0% used [0x00000000ecf80000,0x00000000ecf80000,0x00000000edf00000)
 ParOldGen       total 79872K, used 74646K [0x00000000c0000000, 0x00000000c4e00000, 0x00000000eab00000)
  object space 79872K, 93% used [0x00000000c0000000,0x00000000c48e59f0,0x00000000c4e00000)
 Metaspace       used 49257K, committed 50048K, reserved 1097728K
  class space    used 5269K, committed 5632K, reserved 1048576K
}
Event: 17.497 GC heap before
{Heap before GC invocations=24 (full 4):
 PSYoungGen      total 22016K, used 512K [0x00000000eab00000, 0x00000000edf00000, 0x0000000100000000)
  eden space 21504K, 0% used [0x00000000eab00000,0x00000000eab00000,0x00000000ec000000)
  from space 512K, 100% used [0x00000000ec600000,0x00000000ec680000,0x00000000ec680000)
  to   space 15872K, 0% used [0x00000000ecf80000,0x00000000ecf80000,0x00000000edf00000)
 ParOldGen       total 79872K, used 74646K [0x00000000c0000000, 0x00000000c4e00000, 0x00000000eab00000)
  object space 79872K, 93% used [0x00000000c0000000,0x00000000c48e59f0,0x00000000c4e00000)
 Metaspace       used 49257K, committed 50048K, reserved 1097728K
  class space    used 5269K, committed 5632K, reserved 1048576K
}

